<?xml version="1.0" encoding="UTF-8"?>
<testsuite name="functional.FunctionalTests" time="0.047" tests="8" errors="0" skipped="0" failures="0">
  <properties>
[...]
</properties>
  <testcase name="Given the application has been initialised with test data" classname="Scenario: Should be able to get a list of all stocks" time="0.001"/>
  <testcase name="When the client gets all stocks" classname="Scenario: Should be able to get a list of all stocks" time="0"/>
  <testcase name="Then a list of 5 stocks will be returned" classname="Scenario: Should be able to get a list of all stocks" time="0"/>
  <testcase name="Scenario: Should be able to get a list of all stocks" classname="Scenario: Should be able to get a list of all stocks" time="0"/>
  <testcase name="Given the application has been initialised with test data" classname="Scenario: Should be able to get the correct SKU for the first stock" time="0"/>
  <testcase name="When the client gets all stocks" classname="Scenario: Should be able to get the correct SKU for the first stock" time="0"/>
  <testcase name="Then the stock at index 0 will have the sku 12345678" classname="Scenario: Should be able to get the correct SKU for the first stock" time="0.023"/>
  <testcase name="Scenario: Should be able to get the correct SKU for the first stock" classname="Scenario: Should be able to get the correct SKU for the first stock" time="0.023"/>
</testsuite>